2021-08-13 01:06:29:682 [Thread-0] DEBUG com.huanhe_tech.siever.Main - HistDataBean{time='2021-08-10 00:00:00', conid= 26985516, id=150, symbol=AUY, open=4.25, high=4.26, low=4.15, close=4.15, volume=180971, wap=4.190755, count=19130}
2021-08-13 01:06:29:687 [Thread-0] DEBUG com.huanhe_tech.siever.Main - HistDataBean{time='2021-08-04 00:00:00', conid= 26985516, id=146, symbol=AUY, open=4.62, high=4.73, low=4.58, close=4.62, volume=159466, wap=4.63584, count=18578}
2021-08-13 01:06:29:687 [Thread-0] DEBUG com.huanhe_tech.siever.Main - HistDataBean{time='2021-07-23 00:00:00', conid= 26985516, id=138, symbol=AUY, open=4.06, high=4.09, low=4.01, close=4.06, volume=115694, wap=4.052825, count=11739}
2021-08-13 01:06:29:687 [Thread-0] DEBUG com.huanhe_tech.siever.Main - HistDataBean{time='2021-07-15 00:00:00', conid= 26985516, id=132, symbol=AUY, open=4.24, high=4.37, low=4.22, close=4.36, volume=203210, wap=4.306195, count=18677}
2021-08-13 01:06:32:249 [pool-2-thread-1] DEBUG com.huanhe_tech.siever.Main - https://finance.yahoo.com/chart/AUY
2021-08-13 01:06:33:498 [Thread-0] DEBUG com.huanhe_tech.siever.Main - HistDataBean{time='2021-08-10 00:00:00', conid= 490138491, id=148, symbol=BLDE, open=7.67, high=7.67, low=7.35, close=7.55, volume=6977, wap=7.521, count=2439}
2021-08-13 01:06:33:498 [Thread-0] DEBUG com.huanhe_tech.siever.Main - HistDataBean{time='2021-08-04 00:00:00', conid= 490138491, id=144, symbol=BLDE, open=7.13, high=7.21, low=6.94, close=7.13, volume=4760, wap=7.0865, count=1731}
2021-08-13 01:06:33:498 [Thread-0] DEBUG com.huanhe_tech.siever.Main - HistDataBean{time='2021-07-29 00:00:00', conid= 490138491, id=140, symbol=BLDE, open=8.25, high=8.3, low=7.8, close=7.87, volume=3398, wap=7.9935, count=1476}
2021-08-13 01:06:33:498 [Thread-0] DEBUG com.huanhe_tech.siever.Main - HistDataBean{time='2021-07-19 00:00:00', conid= 490138491, id=132, symbol=BLDE, open=7.27, high=7.29, low=6.88, close=7.27, volume=12396, wap=7.051, count=2914}
2021-08-13 01:06:35:254 [pool-3-thread-1] DEBUG com.huanhe_tech.siever.Main - https://finance.yahoo.com/chart/BLDE
2021-08-13 01:06:42:040 [Thread-0] DEBUG com.huanhe_tech.siever.Main - HistDataBean{time='2021-08-09 00:00:00', conid= 6032, id=149, symbol=CRD A, open=10.11, high=10.24, low=9.51, close=9.63, volume=1846, wap=10.0945, count=304}
2021-08-13 01:06:42:040 [Thread-0] DEBUG com.huanhe_tech.siever.Main - HistDataBean{time='2021-07-26 00:00:00', conid= 6032, id=139, symbol=CRD A, open=10.57, high=11.0, low=10.47, close=10.71, volume=277, wap=10.6885, count=160}
2021-08-13 01:06:42:040 [Thread-0] DEBUG com.huanhe_tech.siever.Main - HistDataBean{time='2021-07-19 00:00:00', conid= 6032, id=134, symbol=CRD A, open=9.15, high=9.98, low=9.15, close=9.9, volume=550, wap=9.637, count=325}
2021-08-13 01:06:42:040 [Thread-0] DEBUG com.huanhe_tech.siever.Main - HistDataBean{time='2021-07-09 00:00:00', conid= 6032, id=128, symbol=CRD A, open=9.49, high=9.68, low=9.4, close=9.4, volume=192, wap=9.507, count=118}
2021-08-13 01:06:43:340 [Thread-0] DEBUG com.huanhe_tech.siever.Main - HistDataBean{time='2021-08-10 00:00:00', conid= 423908170, id=150, symbol=CSCW, open=0.8211, high=0.8211, low=0.7749, close=0.7949, volume=7105, wap=0.79374, count=1300}
2021-08-13 01:06:43:340 [Thread-0] DEBUG com.huanhe_tech.siever.Main - HistDataBean{time='2021-08-02 00:00:00', conid= 423908170, id=144, symbol=CSCW, open=0.85, high=0.898, low=0.841, close=0.8655, volume=23423, wap=0.876475, count=2994}
2021-08-13 01:06:43:340 [Thread-0] DEBUG com.huanhe_tech.siever.Main - HistDataBean{time='2021-07-27 00:00:00', conid= 423908170, id=140, symbol=CSCW, open=0.833, high=0.833, low=0.74, close=0.7725, volume=14425, wap=0.783205, count=1986}
2021-08-13 01:06:43:340 [Thread-0] DEBUG com.huanhe_tech.siever.Main - HistDataBean{time='2021-07-15 00:00:00', conid= 423908170, id=132, symbol=CSCW, open=0.99, high=1.07, low=0.982, close=0.991, volume=49220, wap=1.018795, count=6031}
2021-08-13 01:06:44:094 [pool-4-thread-1] DEBUG com.huanhe_tech.siever.Main - https://finance.yahoo.com/chart/CRDA
2021-08-13 01:06:46:764 [pool-5-thread-1] DEBUG com.huanhe_tech.siever.Main - https://finance.yahoo.com/chart/CSCW
2021-08-13 01:06:55:253 [Thread-0] DEBUG com.huanhe_tech.siever.Main - HistDataBean{time='2021-08-10 00:00:00', conid= 254032874, id=150, symbol=GDS, open=60.17, high=60.39, low=58.03, close=58.85, volume=6337, wap=59.2435, count=4103}
2021-08-13 01:06:55:253 [Thread-0] DEBUG com.huanhe_tech.siever.Main - HistDataBean{time='2021-07-27 00:00:00', conid= 254032874, id=140, symbol=GDS, open=52.13, high=54.21, low=49.88, close=51.71, volume=55376, wap=51.5985, count=33565}
2021-08-13 01:06:55:253 [Thread-0] DEBUG com.huanhe_tech.siever.Main - HistDataBean{time='2021-07-21 00:00:00', conid= 254032874, id=136, symbol=GDS, open=74.43, high=75.28, low=72.95, close=74.0, volume=9612, wap=73.647, count=6425}
2021-08-13 01:06:55:253 [Thread-0] DEBUG com.huanhe_tech.siever.Main - HistDataBean{time='2021-07-09 00:00:00', conid= 254032874, id=128, symbol=GDS, open=70.57, high=70.82, low=67.94, close=70.45, volume=12277, wap=69.358, count=8548}
2021-08-13 01:06:56:899 [pool-6-thread-1] DEBUG com.huanhe_tech.siever.Main - https://finance.yahoo.com/chart/GDS
2021-08-13 01:07:01:916 [Thread-0] DEBUG com.huanhe_tech.siever.Main - HistDataBean{time='2021-08-10 00:00:00', conid= 459557800, id=150, symbol=HTOO, open=14.63, high=15.99, low=14.33, close=14.95, volume=1072, wap=15.2435, count=567}
2021-08-13 01:07:01:916 [Thread-0] DEBUG com.huanhe_tech.siever.Main - HistDataBean{time='2021-08-04 00:00:00', conid= 459557800, id=146, symbol=HTOO, open=13.15, high=13.88, low=13.03, close=13.41, volume=185, wap=13.386, count=106}
2021-08-13 01:07:01:916 [Thread-0] DEBUG com.huanhe_tech.siever.Main - HistDataBean{time='2021-07-26 00:00:00', conid= 459557800, id=139, symbol=HTOO, open=14.82, high=15.24, low=14.52, close=15.0, volume=614, wap=15.0165, count=393}
2021-08-13 01:07:01:916 [Thread-0] DEBUG com.huanhe_tech.siever.Main - HistDataBean{time='2021-07-08 00:00:00', conid= 459557800, id=127, symbol=HTOO, open=12.37, high=13.0, low=12.18, close=12.9, volume=267, wap=12.611, count=182}
2021-08-13 01:07:03:612 [pool-7-thread-1] DEBUG com.huanhe_tech.siever.Main - https://finance.yahoo.com/chart/HTOO
2021-08-13 01:07:03:887 [Thread-0] DEBUG com.huanhe_tech.siever.Main - HistDataBean{time='2021-08-10 00:00:00', conid= 383748161, id=150, symbol=IGMS, open=80.51, high=86.91, low=80.0, close=84.59, volume=700, wap=84.1565, count=503}
2021-08-13 01:07:03:887 [Thread-0] DEBUG com.huanhe_tech.siever.Main - HistDataBean{time='2021-08-03 00:00:00', conid= 383748161, id=145, symbol=IGMS, open=67.63, high=70.59, low=64.0, close=66.26, volume=708, wap=66.2085, count=524}
2021-08-13 01:07:03:887 [Thread-0] DEBUG com.huanhe_tech.siever.Main - HistDataBean{time='2021-07-21 00:00:00', conid= 383748161, id=136, symbol=IGMS, open=88.99, high=93.98, low=86.39, close=89.74, volume=726, wap=90.1925, count=509}
2021-08-13 01:07:03:887 [Thread-0] DEBUG com.huanhe_tech.siever.Main - HistDataBean{time='2021-07-14 00:00:00', conid= 383748161, id=131, symbol=IGMS, open=83.48, high=84.73, low=79.0, close=79.84, volume=507, wap=81.0315, count=384}
2021-08-13 01:07:06:341 [pool-8-thread-1] DEBUG com.huanhe_tech.siever.Main - https://finance.yahoo.com/chart/IGMS
2021-08-13 01:07:07:947 [Thread-0] DEBUG com.huanhe_tech.siever.Main - HistDataBean{time='2021-08-10 00:00:00', conid= 152486141, id=150, symbol=JD, open=72.8, high=73.49, low=71.52, close=71.76, volume=39485, wap=72.123, count=23846}
2021-08-13 01:07:07:947 [Thread-0] DEBUG com.huanhe_tech.siever.Main - HistDataBean{time='2021-07-27 00:00:00', conid= 152486141, id=140, symbol=JD, open=62.23, high=65.51, low=61.65, close=64.77, volume=359178, wap=63.168, count=176242}
2021-08-13 01:07:07:947 [Thread-0] DEBUG com.huanhe_tech.siever.Main - HistDataBean{time='2021-07-15 00:00:00', conid= 152486141, id=132, symbol=JD, open=76.17, high=78.17, low=76.1, close=76.86, volume=69931, wap=77.037, count=39895}
2021-08-13 01:07:07:947 [Thread-0] DEBUG com.huanhe_tech.siever.Main - HistDataBean{time='2021-07-08 00:00:00', conid= 152486141, id=127, symbol=JD, open=70.36, high=71.23, low=69.83, close=70.89, volume=94720, wap=70.566, count=51442}
2021-08-13 01:07:09:471 [Thread-0] DEBUG com.huanhe_tech.siever.Main - HistDataBean{time='2021-08-10 00:00:00', conid= 257775837, id=150, symbol=KL, open=39.6, high=39.67, low=38.79, close=38.94, volume=14719, wap=39.0845, count=7646}
2021-08-13 01:07:09:471 [Thread-0] DEBUG com.huanhe_tech.siever.Main - HistDataBean{time='2021-08-04 00:00:00', conid= 257775837, id=146, symbol=KL, open=44.07, high=44.6, low=42.9, close=42.9, volume=10238, wap=43.5455, count=5995}
2021-08-13 01:07:09:471 [Thread-0] DEBUG com.huanhe_tech.siever.Main - HistDataBean{time='2021-07-27 00:00:00', conid= 257775837, id=140, symbol=KL, open=39.71, high=39.77, low=38.57, close=39.33, volume=17188, wap=39.066, count=9425}
2021-08-13 01:07:09:471 [Thread-0] DEBUG com.huanhe_tech.siever.Main - HistDataBean{time='2021-07-15 00:00:00', conid= 257775837, id=132, symbol=KL, open=41.7, high=42.17, low=41.33, close=42.05, volume=8675, wap=41.913, count=4804}
2021-08-13 01:07:09:564 [pool-9-thread-1] DEBUG com.huanhe_tech.siever.Main - https://finance.yahoo.com/chart/JD
2021-08-13 01:07:12:204 [pool-10-thread-1] DEBUG com.huanhe_tech.siever.Main - https://finance.yahoo.com/chart/KL
2021-08-13 01:07:23:019 [Thread-0] DEBUG com.huanhe_tech.siever.Main - HistDataBean{time='2021-08-10 00:00:00', conid= 396447740, id=150, symbol=NVFY, open=2.54, high=2.6, low=2.375, close=2.43, volume=2403, wap=2.44849, count=506}
2021-08-13 01:07:23:019 [Thread-0] DEBUG com.huanhe_tech.siever.Main - HistDataBean{time='2021-07-29 00:00:00', conid= 396447740, id=142, symbol=NVFY, open=2.18, high=2.28, low=2.1, close=2.28, volume=7404, wap=2.19972, count=2108}
2021-08-13 01:07:23:019 [Thread-0] DEBUG com.huanhe_tech.siever.Main - HistDataBean{time='2021-07-21 00:00:00', conid= 396447740, id=136, symbol=NVFY, open=4.66, high=5.5, low=3.66, close=4.04, volume=66282, wap=4.45024, count=15837}
2021-08-13 01:07:23:019 [Thread-0] DEBUG com.huanhe_tech.siever.Main - HistDataBean{time='2021-07-02 00:00:00', conid= 396447740, id=124, symbol=NVFY, open=3.11, high=3.88, low=2.93, close=3.66, volume=2854, wap=3.37611, count=686}
2021-08-13 01:07:24:613 [pool-11-thread-1] DEBUG com.huanhe_tech.siever.Main - https://finance.yahoo.com/chart/NVFY
2021-08-13 01:07:32:227 [Thread-0] DEBUG com.huanhe_tech.siever.Main - HistDataBean{time='2021-08-10 00:00:00', conid= 297887494, id=150, symbol=RBBN, open=7.25, high=7.78, low=7.25, close=7.37, volume=20284, wap=7.565805, count=7238}
2021-08-13 01:07:32:227 [Thread-0] DEBUG com.huanhe_tech.siever.Main - HistDataBean{time='2021-08-03 00:00:00', conid= 297887494, id=145, symbol=RBBN, open=6.8, high=6.87, low=6.63, close=6.86, volume=2374, wap=6.749585, count=1191}
2021-08-13 01:07:32:227 [Thread-0] DEBUG com.huanhe_tech.siever.Main - HistDataBean{time='2021-07-26 00:00:00', conid= 297887494, id=139, symbol=RBBN, open=7.36, high=7.68, low=7.32, close=7.34, volume=2562, wap=7.45262, count=1338}
2021-08-13 01:07:32:227 [Thread-0] DEBUG com.huanhe_tech.siever.Main - HistDataBean{time='2021-07-19 00:00:00', conid= 297887494, id=134, symbol=RBBN, open=6.89, high=7.14, low=6.84, close=7.03, volume=1816, wap=7.012695, count=1001}
2021-08-13 01:07:33:838 [pool-12-thread-1] DEBUG com.huanhe_tech.siever.Main - https://finance.yahoo.com/chart/RBBN
2021-08-13 01:07:41:265 [Thread-0] DEBUG com.huanhe_tech.siever.Main - HistDataBean{time='2021-08-10 00:00:00', conid= 284632520, id=102, symbol=SSRM, open=15.78, high=15.94, low=15.54, close=15.57, volume=11883, wap=15.676, count=8297}
2021-08-13 01:07:41:265 [Thread-0] DEBUG com.huanhe_tech.siever.Main - HistDataBean{time='2021-08-04 00:00:00', conid= 284632520, id=98, symbol=SSRM, open=16.75, high=17.63, low=16.75, close=17.06, volume=21494, wap=17.252, count=14418}
2021-08-13 01:07:41:265 [Thread-0] DEBUG com.huanhe_tech.siever.Main - HistDataBean{time='2021-07-23 00:00:00', conid= 284632520, id=90, symbol=SSRM, open=15.54, high=15.55, low=15.2, close=15.3, volume=9167, wap=15.308, count=5532}
2021-08-13 01:07:41:265 [Thread-0] DEBUG com.huanhe_tech.siever.Main - HistDataBean{time='2021-07-14 00:00:00', conid= 284632520, id=83, symbol=SSRM, open=16.65, high=16.77, low=16.14, close=16.32, volume=13563, wap=16.3295, count=8203}
2021-08-13 01:07:43:046 [pool-13-thread-1] DEBUG com.huanhe_tech.siever.Main - https://finance.yahoo.com/chart/SSRM
2021-08-13 01:07:43:911 [Thread-0] DEBUG com.huanhe_tech.siever.Main - HistDataBean{time='2021-08-10 00:00:00', conid= 356857464, id=150, symbol=TIGR, open=18.6, high=19.08, low=17.27, close=17.71, volume=47643, wap=17.8085, count=16256}
2021-08-13 01:07:43:911 [Thread-0] DEBUG com.huanhe_tech.siever.Main - HistDataBean{time='2021-07-27 00:00:00', conid= 356857464, id=140, symbol=TIGR, open=16.45, high=16.66, low=13.66, close=14.53, volume=132528, wap=14.849, count=42594}
2021-08-13 01:07:43:911 [Thread-0] DEBUG com.huanhe_tech.siever.Main - HistDataBean{time='2021-07-21 00:00:00', conid= 356857464, id=136, symbol=TIGR, open=18.0, high=20.31, low=17.9, close=19.67, volume=82627, wap=19.4725, count=27283}
2021-08-13 01:07:43:911 [Thread-0] DEBUG com.huanhe_tech.siever.Main - HistDataBean{time='2021-06-21 00:00:00', conid= 356857464, id=115, symbol=TIGR, open=25.14, high=25.36, low=22.25, close=23.01, volume=89190, wap=23.2435, count=32840}
2021-08-13 01:07:45:016 [Thread-0] DEBUG com.huanhe_tech.siever.Main - HistDataBean{time='2021-08-10 00:00:00', conid= 448596098, id=150, symbol=TRQ, open=14.78, high=15.04, low=14.55, close=14.88, volume=4879, wap=14.8745, count=3221}
2021-08-13 01:07:45:016 [Thread-0] DEBUG com.huanhe_tech.siever.Main - HistDataBean{time='2021-07-30 00:00:00', conid= 448596098, id=143, symbol=TRQ, open=15.38, high=16.86, low=15.38, close=16.7, volume=14516, wap=16.5245, count=9714}
2021-08-13 01:07:45:016 [Thread-0] DEBUG com.huanhe_tech.siever.Main - HistDataBean{time='2021-07-20 00:00:00', conid= 448596098, id=135, symbol=TRQ, open=13.01, high=13.38, low=12.57, close=13.24, volume=13249, wap=13.116, count=8452}
2021-08-13 01:07:45:016 [Thread-0] DEBUG com.huanhe_tech.siever.Main - HistDataBean{time='2021-07-14 00:00:00', conid= 448596098, id=131, symbol=TRQ, open=17.07, high=17.41, low=16.52, close=16.52, volume=3620, wap=16.8585, count=1882}
2021-08-13 01:07:45:727 [pool-14-thread-1] DEBUG com.huanhe_tech.siever.Main - https://finance.yahoo.com/chart/TIGR
2021-08-13 01:07:48:405 [pool-15-thread-1] DEBUG com.huanhe_tech.siever.Main - https://finance.yahoo.com/chart/TRQ
2021-08-13 01:07:51:191 [Thread-0] DEBUG com.huanhe_tech.siever.Main - HistDataBean{time='2021-08-10 00:00:00', conid= 467744736, id=137, symbol=XELA, open=2.94, high=3.15, low=2.83, close=2.85, volume=266775, wap=2.963225, count=35887}
2021-08-13 01:07:51:191 [Thread-0] DEBUG com.huanhe_tech.siever.Main - HistDataBean{time='2021-08-04 00:00:00', conid= 467744736, id=133, symbol=XELA, open=3.36, high=3.54, low=2.96, close=3.07, volume=590095, wap=3.238895, count=77644}
2021-08-13 01:07:51:191 [Thread-0] DEBUG com.huanhe_tech.siever.Main - HistDataBean{time='2021-07-26 00:00:00', conid= 467744736, id=126, symbol=XELA, open=2.255, high=2.63, low=2.23, close=2.46, volume=229653, wap=2.49515, count=37870}
2021-08-13 01:07:51:191 [Thread-0] DEBUG com.huanhe_tech.siever.Main - HistDataBean{time='2021-07-13 00:00:00', conid= 467744736, id=117, symbol=XELA, open=3.56, high=5.45, low=3.5, close=4.34, volume=4769341, wap=4.622185, count=836824}
2021-08-13 01:07:51:845 [Thread-0] DEBUG com.huanhe_tech.siever.Main - HistDataBean{time='2021-08-10 00:00:00', conid= 332383670, id=150, symbol=YI, open=6.62, high=6.77, low=6.43, close=6.57, volume=643, wap=6.5795, count=235}
2021-08-13 01:07:51:845 [Thread-0] DEBUG com.huanhe_tech.siever.Main - HistDataBean{time='2021-07-27 00:00:00', conid= 332383670, id=140, symbol=YI, open=5.93, high=5.93, low=5.19, close=5.6, volume=6955, wap=5.4515, count=3063}
2021-08-13 01:07:51:845 [Thread-0] DEBUG com.huanhe_tech.siever.Main - HistDataBean{time='2021-06-28 00:00:00', conid= 332383670, id=120, symbol=YI, open=9.31, high=9.66, low=9.1, close=9.17, volume=2068, wap=9.344, count=1047}
2021-08-13 01:07:51:846 [Thread-0] DEBUG com.huanhe_tech.siever.Main - HistDataBean{time='2021-06-22 00:00:00', conid= 332383670, id=116, symbol=YI, open=8.6, high=8.61, low=8.01, close=8.28, volume=4158, wap=8.24, count=2262}
2021-08-13 01:07:52:849 [pool-16-thread-1] DEBUG com.huanhe_tech.siever.Main - https://finance.yahoo.com/chart/XELA
2021-08-13 01:07:55:459 [pool-17-thread-1] DEBUG com.huanhe_tech.siever.Main - https://finance.yahoo.com/chart/YI
