2021-08-13 01:04:40:765 [main] INFO  com.huanhe_tech.siever.Main - Current Time in New York: 2021-08-12 13:04:40
2021-08-13 01:04:45:156 [Thread-5] INFO  com.huanhe_tech.siever.Main - Acount List: 
2021-08-13 01:04:45:159 [Thread-5] INFO  com.huanhe_tech.siever.Main - U8978970
2021-08-13 01:06:17:832 [main] INFO  com.huanhe_tech.siever.Main - Current Time in New York: 2021-08-12 13:06:17
2021-08-13 01:06:25:028 [Thread-5] INFO  com.huanhe_tech.siever.Main - Acount List: 
2021-08-13 01:06:25:030 [Thread-5] INFO  com.huanhe_tech.siever.Main - U8978970
2021-08-13 01:06:29:681 [Thread-0] INFO  com.huanhe_tech.siever.Main - AUY -> Orientation: UP
2021-08-13 01:06:33:495 [Thread-0] INFO  com.huanhe_tech.siever.Main - BLDE -> Orientation: DOWN
2021-08-13 01:06:42:040 [Thread-0] INFO  com.huanhe_tech.siever.Main - CRD A -> Orientation: UP
2021-08-13 01:06:43:339 [Thread-0] INFO  com.huanhe_tech.siever.Main - CSCW -> Orientation: UP
2021-08-13 01:06:55:253 [Thread-0] INFO  com.huanhe_tech.siever.Main - GDS -> Orientation: DOWN
2021-08-13 01:07:01:916 [Thread-0] INFO  com.huanhe_tech.siever.Main - HTOO -> Orientation: DOWN
2021-08-13 01:07:03:887 [Thread-0] INFO  com.huanhe_tech.siever.Main - IGMS -> Orientation: DOWN
2021-08-13 01:07:07:947 [Thread-0] INFO  com.huanhe_tech.siever.Main - JD -> Orientation: DOWN
2021-08-13 01:07:09:471 [Thread-0] INFO  com.huanhe_tech.siever.Main - KL -> Orientation: UP
2021-08-13 01:07:23:019 [Thread-0] INFO  com.huanhe_tech.siever.Main - NVFY -> Orientation: DOWN
2021-08-13 01:07:32:227 [Thread-0] INFO  com.huanhe_tech.siever.Main - RBBN -> Orientation: DOWN
2021-08-13 01:07:41:265 [Thread-0] INFO  com.huanhe_tech.siever.Main - SSRM -> Orientation: UP
2021-08-13 01:07:43:911 [Thread-0] INFO  com.huanhe_tech.siever.Main - TIGR -> Orientation: DOWN
2021-08-13 01:07:45:016 [Thread-0] INFO  com.huanhe_tech.siever.Main - TRQ -> Orientation: UP
2021-08-13 01:07:51:191 [Thread-0] INFO  com.huanhe_tech.siever.Main - XELA -> Orientation: UP
2021-08-13 01:07:51:845 [Thread-0] INFO  com.huanhe_tech.siever.Main - YI -> Orientation: DOWN
